<?xml version="1.0" encoding="UTF-8"?>
<testng-results ignored="0" total="5" passed="5" failed="0" skipped="0">
  <reporter-output>
  </reporter-output>
  <suite started-at="2024-01-19T14:32:15 IST" name="Suite" finished-at="2024-01-19T14:33:04 IST" duration-ms="49104">
    <groups>
      <group name="group3">
        <method signature="LoginPageTestClass.verifyUnSuccessfulLogin(java.lang.String,java.lang.String)[pri:3, instance:executePageClasses.LoginPageTestClass@22bac7bc]" name="verifyUnSuccessfulLogin" class="executePageClasses.LoginPageTestClass"/>
      </group> <!-- group3 -->
      <group name="group2">
        <method signature="LoginPageTestClass.verifySuccessfulLogin(java.lang.String,java.lang.String)[pri:2, instance:executePageClasses.LoginPageTestClass@22bac7bc]" name="verifySuccessfulLogin" class="executePageClasses.LoginPageTestClass"/>
      </group> <!-- group2 -->
      <group name="group1">
        <method signature="LoginPageTestClass.verifyThePageOpenWhileHittingUrl()[pri:1, instance:executePageClasses.LoginPageTestClass@22bac7bc]" name="verifyThePageOpenWhileHittingUrl" class="executePageClasses.LoginPageTestClass"/>
      </group> <!-- group1 -->
    </groups>
    <test started-at="2024-01-19T14:32:15 IST" name="Test" finished-at="2024-01-19T14:33:04 IST" duration-ms="49104">
      <class name="executePageClasses.LoginPageTestClass">
        <test-method is-config="true" signature="createExtendReport(org.testng.ITestContext)[pri:0, instance:executePageClasses.LoginPageTestClass@22bac7bc]" started-at="2024-01-19T14:32:15 IST" name="createExtendReport" finished-at="2024-01-19T14:32:15 IST" duration-ms="20" status="PASS">
          <params>
            <param index="0">
              <value>
                <![CDATA[org.testng.TestRunner@414b2df5]]>
              </value>
            </param>
          </params>
          <reporter-output>
          </reporter-output>
        </test-method> <!-- createExtendReport -->
        <test-method is-config="true" signature="beforeMethod(java.lang.String)[pri:0, instance:executePageClasses.LoginPageTestClass@22bac7bc]" started-at="2024-01-19T14:32:15 IST" name="beforeMethod" finished-at="2024-01-19T14:32:27 IST" duration-ms="11976" status="PASS">
          <params>
            <param index="0">
              <value>
                <![CDATA[chrome]]>
              </value>
            </param>
          </params>
          <reporter-output>
          </reporter-output>
        </test-method> <!-- beforeMethod -->
        <test-method signature="verifyThePageOpenWhileHittingUrl()[pri:1, instance:executePageClasses.LoginPageTestClass@22bac7bc]" started-at="2024-01-19T14:32:27 IST" name="verifyThePageOpenWhileHittingUrl" finished-at="2024-01-19T14:32:27 IST" duration-ms="64" status="PASS">
          <reporter-output>
          </reporter-output>
        </test-method> <!-- verifyThePageOpenWhileHittingUrl -->
        <test-method is-config="true" signature="afterMethod(org.testng.ITestResult)[pri:0, instance:executePageClasses.LoginPageTestClass@22bac7bc]" started-at="2024-01-19T14:32:27 IST" name="afterMethod" finished-at="2024-01-19T14:32:27 IST" duration-ms="202" status="PASS">
          <params>
            <param index="0">
              <value>
                <![CDATA[[TestResult name=verifyThePageOpenWhileHittingUrl status=SUCCESS method=LoginPageTestClass.verifyThePageOpenWhileHittingUrl()[pri:1, instance:executePageClasses.LoginPageTestClass@22bac7bc] output={null}]]]>
              </value>
            </param>
          </params>
          <reporter-output>
          </reporter-output>
        </test-method> <!-- afterMethod -->
        <test-method is-config="true" signature="beforeMethod(java.lang.String)[pri:0, instance:executePageClasses.LoginPageTestClass@22bac7bc]" started-at="2024-01-19T14:32:28 IST" name="beforeMethod" finished-at="2024-01-19T14:32:35 IST" duration-ms="7287" status="PASS">
          <params>
            <param index="0">
              <value>
                <![CDATA[chrome]]>
              </value>
            </param>
          </params>
          <reporter-output>
          </reporter-output>
        </test-method> <!-- beforeMethod -->
        <test-method signature="verifySuccessfulLogin(java.lang.String,java.lang.String)[pri:2, instance:executePageClasses.LoginPageTestClass@22bac7bc]" started-at="2024-01-19T14:32:35 IST" name="verifySuccessfulLogin" data-provider="SuccessfulLogin" finished-at="2024-01-19T14:32:38 IST" duration-ms="2586" status="PASS">
          <params>
            <param index="0">
              <value>
                <![CDATA[admin]]>
              </value>
            </param>
            <param index="1">
              <value>
                <![CDATA[Admin123]]>
              </value>
            </param>
          </params>
          <reporter-output>
          </reporter-output>
        </test-method> <!-- verifySuccessfulLogin -->
        <test-method is-config="true" signature="afterMethod(org.testng.ITestResult)[pri:0, instance:executePageClasses.LoginPageTestClass@22bac7bc]" started-at="2024-01-19T14:32:38 IST" name="afterMethod" finished-at="2024-01-19T14:32:38 IST" duration-ms="190" status="PASS">
          <params>
            <param index="0">
              <value>
                <![CDATA[[TestResult name=verifySuccessfulLogin status=SUCCESS method=LoginPageTestClass.verifySuccessfulLogin(java.lang.String,java.lang.String)[pri:2, instance:executePageClasses.LoginPageTestClass@22bac7bc] output={null}]]]>
              </value>
            </param>
          </params>
          <reporter-output>
          </reporter-output>
        </test-method> <!-- afterMethod -->
        <test-method is-config="true" signature="beforeMethod(java.lang.String)[pri:0, instance:executePageClasses.LoginPageTestClass@22bac7bc]" started-at="2024-01-19T14:32:38 IST" name="beforeMethod" finished-at="2024-01-19T14:32:44 IST" duration-ms="5868" status="PASS">
          <params>
            <param index="0">
              <value>
                <![CDATA[chrome]]>
              </value>
            </param>
          </params>
          <reporter-output>
          </reporter-output>
        </test-method> <!-- beforeMethod -->
        <test-method signature="verifyUnSuccessfulLogin(java.lang.String,java.lang.String)[pri:3, instance:executePageClasses.LoginPageTestClass@22bac7bc]" started-at="2024-01-19T14:32:44 IST" name="verifyUnSuccessfulLogin" data-provider="unSuccessfulLogin" finished-at="2024-01-19T14:32:46 IST" duration-ms="1863" status="PASS">
          <params>
            <param index="0">
              <value>
                <![CDATA[adm]]>
              </value>
            </param>
            <param index="1">
              <value>
                <![CDATA[Admin123]]>
              </value>
            </param>
          </params>
          <reporter-output>
          </reporter-output>
        </test-method> <!-- verifyUnSuccessfulLogin -->
        <test-method is-config="true" signature="afterMethod(org.testng.ITestResult)[pri:0, instance:executePageClasses.LoginPageTestClass@22bac7bc]" started-at="2024-01-19T14:32:46 IST" name="afterMethod" finished-at="2024-01-19T14:32:46 IST" duration-ms="153" status="PASS">
          <params>
            <param index="0">
              <value>
                <![CDATA[[TestResult name=verifyUnSuccessfulLogin status=SUCCESS method=LoginPageTestClass.verifyUnSuccessfulLogin(java.lang.String,java.lang.String)[pri:3, instance:executePageClasses.LoginPageTestClass@22bac7bc] output={null}]]]>
              </value>
            </param>
          </params>
          <reporter-output>
          </reporter-output>
        </test-method> <!-- afterMethod -->
        <test-method is-config="true" signature="beforeMethod(java.lang.String)[pri:0, instance:executePageClasses.LoginPageTestClass@22bac7bc]" started-at="2024-01-19T14:32:46 IST" name="beforeMethod" finished-at="2024-01-19T14:32:52 IST" duration-ms="5648" status="PASS">
          <params>
            <param index="0">
              <value>
                <![CDATA[chrome]]>
              </value>
            </param>
          </params>
          <reporter-output>
          </reporter-output>
        </test-method> <!-- beforeMethod -->
        <test-method signature="verifyUnSuccessfulLogin(java.lang.String,java.lang.String)[pri:3, instance:executePageClasses.LoginPageTestClass@22bac7bc]" started-at="2024-01-19T14:32:52 IST" name="verifyUnSuccessfulLogin" data-provider="unSuccessfulLogin" finished-at="2024-01-19T14:32:54 IST" duration-ms="1744" status="PASS">
          <params>
            <param index="0">
              <value>
                <![CDATA[admin]]>
              </value>
            </param>
            <param index="1">
              <value>
                <![CDATA[123456]]>
              </value>
            </param>
          </params>
          <reporter-output>
          </reporter-output>
        </test-method> <!-- verifyUnSuccessfulLogin -->
        <test-method is-config="true" signature="afterMethod(org.testng.ITestResult)[pri:0, instance:executePageClasses.LoginPageTestClass@22bac7bc]" started-at="2024-01-19T14:32:54 IST" name="afterMethod" finished-at="2024-01-19T14:32:54 IST" duration-ms="199" status="PASS">
          <params>
            <param index="0">
              <value>
                <![CDATA[[TestResult name=verifyUnSuccessfulLogin status=SUCCESS method=LoginPageTestClass.verifyUnSuccessfulLogin(java.lang.String,java.lang.String)[pri:3, instance:executePageClasses.LoginPageTestClass@22bac7bc] output={null}]]]>
              </value>
            </param>
          </params>
          <reporter-output>
          </reporter-output>
        </test-method> <!-- afterMethod -->
        <test-method is-config="true" signature="beforeMethod(java.lang.String)[pri:0, instance:executePageClasses.LoginPageTestClass@22bac7bc]" started-at="2024-01-19T14:32:54 IST" name="beforeMethod" finished-at="2024-01-19T14:33:02 IST" duration-ms="8486" status="PASS">
          <params>
            <param index="0">
              <value>
                <![CDATA[chrome]]>
              </value>
            </param>
          </params>
          <reporter-output>
          </reporter-output>
        </test-method> <!-- beforeMethod -->
        <test-method signature="verifyUnSuccessfulLogin(java.lang.String,java.lang.String)[pri:3, instance:executePageClasses.LoginPageTestClass@22bac7bc]" started-at="2024-01-19T14:33:02 IST" name="verifyUnSuccessfulLogin" data-provider="unSuccessfulLogin" finished-at="2024-01-19T14:33:04 IST" duration-ms="1740" status="PASS">
          <params>
            <param index="0">
              <value>
                <![CDATA[adm]]>
              </value>
            </param>
            <param index="1">
              <value>
                <![CDATA[123456]]>
              </value>
            </param>
          </params>
          <reporter-output>
          </reporter-output>
        </test-method> <!-- verifyUnSuccessfulLogin -->
        <test-method is-config="true" signature="afterMethod(org.testng.ITestResult)[pri:0, instance:executePageClasses.LoginPageTestClass@22bac7bc]" started-at="2024-01-19T14:33:04 IST" name="afterMethod" finished-at="2024-01-19T14:33:04 IST" duration-ms="193" status="PASS">
          <params>
            <param index="0">
              <value>
                <![CDATA[[TestResult name=verifyUnSuccessfulLogin status=SUCCESS method=LoginPageTestClass.verifyUnSuccessfulLogin(java.lang.String,java.lang.String)[pri:3, instance:executePageClasses.LoginPageTestClass@22bac7bc] output={null}]]]>
              </value>
            </param>
          </params>
          <reporter-output>
          </reporter-output>
        </test-method> <!-- afterMethod -->
      </class> <!-- executePageClasses.LoginPageTestClass -->
    </test> <!-- Test -->
  </suite> <!-- Suite -->
</testng-results>
