<?xml version="1.0" encoding="UTF-8"?>
<!-- Generated by org.testng.reporters.JUnitXMLReporter -->
<testsuite ignored="5" hostname="Anshana" failures="0" tests="12" name="edgeTest" time="200.256" errors="0" timestamp="2024-01-11T09:02:56 IST">
  <testcase classname="executePageClasses.ActiveVisitTestClass" name="verifyThePatientIsInActivevisitPagewhileStartVisit" time="24.213"/>
  <testcase classname="executePageClasses.RegisterAPatientTestClass" name="verifyRegisterAPatientSuccessfully" time="14.48"/>
  <testcase classname="executePageClasses.RegisterAPatientTestClass" name="verifyThePatientIsNotInActivevisitAfterEndVisit" time="27.321"/>
  <testcase classname="executePageClasses.FindAPatientTestClass" name="verifyToFindAPatient" time="6.227"/>
  <testcase classname="executePageClasses.LoginPageTestClass" name="verifyThePageOpenWhileHittingUrl" time="0.013"/>
  <testcase classname="executePageClasses.LoginPageTestClass" name="verifySuccessfulLogin" time="2.654"/>
  <testcase classname="executePageClasses.LoginPageTestClass" name="verifyUnSuccessfulLogin" time="2.2"/>
  <testcase classname="executePageClasses.LoginPageTestClass" name="verifyUnSuccessfulLogin" time="1.505"/>
  <testcase classname="executePageClasses.LoginPageTestClass" name="verifyUnSuccessfulLogin" time="1.459"/>
  <testcase classname="executePageClasses.HomePageTestClass" name="verifyAllTilesAreDisplayedInHomePage" time="3.111"/>
  <testcase classname="executePageClasses.HomePageTestClass" name="verifySuccessfulLogoutFromHomePage" time="4.541"/>
  <testcase classname="executePageClasses.CaptureVitalsTestClass" name="verifyCaptureVitalsOfPatientSuccessfullyRegistered" time="28.338"/>
  <testcase classname="executePageClasses.BaseClass" name="@BeforeSuite createExtendReport" time="0.0">
    <ignored/>
  </testcase> <!-- @BeforeSuite createExtendReport -->
  <testcase classname="executePageClasses.BaseClass" name="@BeforeSuite createExtendReport" time="0.0">
    <ignored/>
  </testcase> <!-- @BeforeSuite createExtendReport -->
  <testcase classname="executePageClasses.BaseClass" name="@BeforeSuite createExtendReport" time="0.0">
    <ignored/>
  </testcase> <!-- @BeforeSuite createExtendReport -->
  <testcase classname="executePageClasses.BaseClass" name="@BeforeSuite createExtendReport" time="0.0">
    <ignored/>
  </testcase> <!-- @BeforeSuite createExtendReport -->
  <testcase classname="executePageClasses.BaseClass" name="@BeforeSuite createExtendReport" time="0.0">
    <ignored/>
  </testcase> <!-- @BeforeSuite createExtendReport -->
</testsuite> <!-- edgeTest -->
