<?xml version="1.0" encoding="UTF-8"?>
<!-- Generated by org.testng.reporters.JUnitXMLReporter -->
<testsuite ignored="0" hostname="Anshana" failures="0" tests="5" name="Test1" time="49.128" errors="0" timestamp="2024-01-11T09:20:39 IST">
  <testcase classname="executePageClasses.LoginPageTestClass" name="verifyThePageOpenWhileHittingUrl" time="0.053"/>
  <testcase classname="executePageClasses.LoginPageTestClass" name="verifySuccessfulLogin" time="2.843"/>
  <testcase classname="executePageClasses.LoginPageTestClass" name="verifyUnSuccessfulLogin" time="2.683"/>
  <testcase classname="executePageClasses.LoginPageTestClass" name="verifyUnSuccessfulLogin" time="3.237"/>
  <testcase classname="executePageClasses.LoginPageTestClass" name="verifyUnSuccessfulLogin" time="2.144"/>
</testsuite> <!-- Test1 -->
