<?xml version="1.0" encoding="UTF-8"?>
<!-- Generated by org.testng.reporters.JUnitXMLReporter -->
<testsuite ignored="0" hostname="Anshana" failures="0" tests="2" name="Test2" time="22.658" errors="0" timestamp="2024-01-11T09:20:13 IST">
  <testcase classname="executePageClasses.HomePageTestClass" name="verifyAllTilesAreDisplayedInHomePage" time="3.269"/>
  <testcase classname="executePageClasses.HomePageTestClass" name="verifySuccessfulLogoutFromHomePage" time="5.387"/>
</testsuite> <!-- Test2 -->
