<?xml version="1.0" encoding="UTF-8"?>
<!-- Generated by org.testng.reporters.JUnitXMLReporter -->
<testsuite ignored="1" hostname="Anshana" failures="0" tests="1" name="Default test" time="37.987" errors="0" timestamp="2024-01-10T23:06:54 IST">
  <testcase classname="executePageClasses.RegisterAPatientTestClass" name="verifyThePatientIsNotInActivevisitAfterEndVisit" time="29.11"/>
  <testcase classname="executePageClasses.RegisterAPatientTestClass" name="verifyRegisterAPatientSuccessfully" time="0.0">
    <ignored/>
  </testcase> <!-- verifyRegisterAPatientSuccessfully -->
</testsuite> <!-- Default test -->
